# JRE version: OpenJDK Runtime Environment (16.0.1+9) (build 16.0.1+9-24)
# Java VM: OpenJDK 64-Bit Server VM (16.0.1+9-24, mixed mode, tiered, compressed oops, compressed class ptrs, g1 gc, windows-amd64)
GC Precious Log:
 CPUs: 4 total, 4 available
 Memory: 8071M
 Large Page Support: Disabled
 NUMA Support: Disabled
 Compressed Oops: Enabled (32-bit)
 Heap Region Size: 1M
 Heap Min Capacity: 8M
 Heap Initial Capacity: 128M
 Heap Max Capacity: 2018M
 Pre-touch: Disabled
 Parallel Workers: 4
 Concurrent Workers: 1
 Concurrent Refinement Workers: 4
 Periodic GC: Disabled
Heap:
 garbage-first heap   total 65536K, used 30277K [0x0000000081e00000, 0x0000000100000000)
  region size 1024K, 14 young (14336K), 0 survivors (0K)
 Metaspace       used 71231K, committed 71680K, reserved 1114112K
  class space    used 7952K, committed 8192K, reserved 1048576K
GC Heap History (20 events):
Event: 77600.720 GC heap before
{Heap before GC invocations=190 (full 1):
 garbage-first heap   total 71680K, used 61449K [0x0000000081e00000, 0x0000000100000000)
  region size 1024K, 35 young (35840K), 1 survivors (1024K)
 Metaspace       used 71251K, committed 71680K, reserved 1114112K
  class space    used 7968K, committed 8192K, reserved 1048576K
}
Event: 77600.721 GC heap after
{Heap after GC invocations=191 (full 1):
 garbage-first heap   total 71680K, used 26617K [0x0000000081e00000, 0x0000000100000000)
  region size 1024K, 1 young (1024K), 1 survivors (1024K)
 Metaspace       used 71251K, committed 71680K, reserved 1114112K
  class space    used 7968K, committed 8192K, reserved 1048576K
}
Event: 78119.941 GC heap before
{Heap before GC invocations=191 (full 1):
 garbage-first heap   total 71680K, used 61433K [0x0000000081e00000, 0x0000000100000000)
  region size 1024K, 35 young (35840K), 1 survivors (1024K)
 Metaspace       used 71251K, committed 71680K, reserved 1114112K
  class space    used 7968K, committed 8192K, reserved 1048576K
}
Event: 78119.942 GC heap after
{Heap after GC invocations=192 (full 1):
 garbage-first heap   total 71680K, used 26623K [0x0000000081e00000, 0x0000000100000000)
  region size 1024K, 1 young (1024K), 1 survivors (1024K)
 Metaspace       used 71251K, committed 71680K, reserved 1114112K
  class space    used 7968K, committed 8192K, reserved 1048576K
}
Event: 78420.235 GC heap before
{Heap before GC invocations=192 (full 1):
 garbage-first heap   total 71680K, used 61439K [0x0000000081e00000, 0x0000000100000000)
  region size 1024K, 35 young (35840K), 1 survivors (1024K)
 Metaspace       used 71251K, committed 71680K, reserved 1114112K
  class space    used 7968K, committed 8192K, reserved 1048576K
}
Event: 78420.236 GC heap after
{Heap after GC invocations=193 (full 1):
 garbage-first heap   total 71680K, used 26759K [0x0000000081e00000, 0x0000000100000000)
  region size 1024K, 1 young (1024K), 1 survivors (1024K)
 Metaspace       used 71251K, committed 71680K, reserved 1114112K
  class space    used 7968K, committed 8192K, reserved 1048576K
}
Event: 78916.031 GC heap before
{Heap before GC invocations=193 (full 1):
 garbage-first heap   total 71680K, used 60551K [0x0000000081e00000, 0x0000000100000000)
  region size 1024K, 34 young (34816K), 1 survivors (1024K)
 Metaspace       used 71251K, committed 71680K, reserved 1114112K
  class space    used 7968K, committed 8192K, reserved 1048576K
}
Event: 78916.032 GC heap after
{Heap after GC invocations=194 (full 1):
 garbage-first heap   total 71680K, used 26640K [0x0000000081e00000, 0x0000000100000000)
  region size 1024K, 1 young (1024K), 1 survivors (1024K)
 Metaspace       used 71251K, committed 71680K, reserved 1114112K
  class space    used 7968K, committed 8192K, reserved 1048576K
}
Event: 79425.145 GC heap before
{Heap before GC invocations=194 (full 1):
 garbage-first heap   total 71680K, used 61456K [0x0000000081e00000, 0x0000000100000000)
  region size 1024K, 35 young (35840K), 1 survivors (1024K)
 Metaspace       used 71251K, committed 71680K, reserved 1114112K
  class space    used 7968K, committed 8192K, reserved 1048576K
}
Event: 79425.145 GC heap after
{Heap after GC invocations=195 (full 1):
 garbage-first heap   total 71680K, used 26621K [0x0000000081e00000, 0x0000000100000000)
  region size 1024K, 1 young (1024K), 1 survivors (1024K)
 Metaspace       used 71251K, committed 71680K, reserved 1114112K
  class space    used 7968K, committed 8192K, reserved 1048576K
}
Event: 79926.586 GC heap before
{Heap before GC invocations=195 (full 1):
 garbage-first heap   total 71680K, used 61437K [0x0000000081e00000, 0x0000000100000000)
  region size 1024K, 35 young (35840K), 1 survivors (1024K)
 Metaspace       used 71251K, committed 71680K, reserved 1114112K
  class space    used 7968K, committed 8192K, reserved 1048576K
}
Event: 79926.587 GC heap after
{Heap after GC invocations=196 (full 1):
 garbage-first heap   total 71680K, used 26587K [0x0000000081e00000, 0x0000000100000000)
  region size 1024K, 1 young (1024K), 1 survivors (1024K)
 Metaspace       used 71251K, committed 71680K, reserved 1114112K
  class space    used 7968K, committed 8192K, reserved 1048576K
}
Event: 80232.034 GC heap before
{Heap before GC invocations=196 (full 1):
 garbage-first heap   total 71680K, used 61403K [0x0000000081e00000, 0x0000000100000000)
  region size 1024K, 35 young (35840K), 1 survivors (1024K)
 Metaspace       used 71254K, committed 71680K, reserved 1114112K
  class space    used 7968K, committed 8192K, reserved 1048576K
}
Event: 80232.035 GC heap after
{Heap after GC invocations=197 (full 1):
 garbage-first heap   total 71680K, used 26778K [0x0000000081e00000, 0x0000000100000000)
  region size 1024K, 1 young (1024K), 1 survivors (1024K)
 Metaspace       used 71254K, committed 71680K, reserved 1114112K
  class space    used 7968K, committed 8192K, reserved 1048576K
}
Event: 80730.713 GC heap before
{Heap before GC invocations=197 (full 1):
 garbage-first heap   total 71680K, used 60570K [0x0000000081e00000, 0x0000000100000000)
  region size 1024K, 34 young (34816K), 1 survivors (1024K)
 Metaspace       used 71254K, committed 71680K, reserved 1114112K
  class space    used 7968K, committed 8192K, reserved 1048576K
}
Event: 80730.714 GC heap after
{Heap after GC invocations=198 (full 1):
 garbage-first heap   total 71680K, used 26621K [0x0000000081e00000, 0x0000000100000000)
  region size 1024K, 1 young (1024K), 1 survivors (1024K)
 Metaspace       used 71254K, committed 71680K, reserved 1114112K
  class space    used 7968K, committed 8192K, reserved 1048576K
}
Event: 81243.168 GC heap before
{Heap before GC invocations=198 (full 1):
 garbage-first heap   total 71680K, used 61437K [0x0000000081e00000, 0x0000000100000000)
  region size 1024K, 35 young (35840K), 1 survivors (1024K)
 Metaspace       used 71254K, committed 71680K, reserved 1114112K
  class space    used 7968K, committed 8192K, reserved 1048576K
}
Event: 81243.169 GC heap after
{Heap after GC invocations=199 (full 1):
 garbage-first heap   total 71680K, used 26628K [0x0000000081e00000, 0x0000000100000000)
  region size 1024K, 1 young (1024K), 1 survivors (1024K)
 Metaspace       used 71254K, committed 71680K, reserved 1114112K
  class space    used 7968K, committed 8192K, reserved 1048576K
}
Event: 81487.270 GC heap before
{Heap before GC invocations=199 (full 1):
 garbage-first heap   total 71680K, used 43012K [0x0000000081e00000, 0x0000000100000000)
  region size 1024K, 18 young (18432K), 1 survivors (1024K)
 Metaspace       used 71262K, committed 71680K, reserved 1114112K
  class space    used 7969K, committed 8192K, reserved 1048576K
}
Event: 81487.429 GC heap after
{Heap after GC invocations=200 (full 2):
 garbage-first heap   total 65536K, used 17989K [0x0000000081e00000, 0x0000000100000000)
  region size 1024K, 0 young (0K), 0 survivors (0K)
 Metaspace       used 71107K, committed 71680K, reserved 1114112K
  class space    used 7941K, committed 8192K, reserved 1048576K
}

